-------------------------------------------------------------------------------
Test set: it.polimi.dei.swknights.carcassonne.Server.Controller.CartelloStradaleTest
-------------------------------------------------------------------------------
Tests run: 2, Failures: 0, Errors: 2, Skipped: 0, Time elapsed: 0.008 sec <<< FAILURE!
testCostruzioniCorrette(it.polimi.dei.swknights.carcassonne.Server.Controller.CartelloStradaleTest)  Time elapsed: 0.001 sec  <<< ERROR!
java.lang.Error: Unresolved compilation problems: 
	The import it.polimi.dei.swknights.carcassonne.Events.AdapterTessera cannot be resolved
	The import it.polimi.dei.swknights.carcassonne.Exceptions cannot be resolved
	The import it.polimi.dei.swknights.carcassonne.Exceptions cannot be resolved
	The import it.polimi.dei.swknights.carcassonne.Exceptions cannot be resolved
	The import it.polimi.dei.swknights.carcassonne.Exceptions cannot be resolved
	The import it.polimi.dei.swknights.carcassonne.Exceptions cannot be resolved
	The import it.polimi.dei.swknights.carcassonne.Exceptions cannot be resolved
	The import it.polimi.dei.swknights.carcassonne.Util.Coordinate cannot be resolved
	The import it.polimi.dei.swknights.carcassonne.Util.PuntoCardinale cannot be resolved
	The hierarchy of the type ModuloModel is inconsistent
	PuntoCardinale cannot be resolved to a type
	SegnaliniFinitiException cannot be resolved to a type
	The method getSegnalino() from the type Giocatore refers to the missing type SegnaliniFinitiException
	Coordinate cannot be resolved to a type
	PartitaFinitaException cannot be resolved to a type
	AdapterTessera cannot be resolved to a type
	Coordinate cannot be resolved to a type
	The method getTesseraDaMazzo() from the type ModuloModel refers to the missing type PartitaFinitaException
	The method cominciaTurno() from the type ModuloModel refers to the missing type PartitaFinitaException
	MossaNonValidaException cannot be resolved to a type
	PartitaFinitaException cannot be resolved to a type
	Coordinate cannot be resolved to a type
	The method getCoordinateTessera(Tessera) from the type DatiPartita refers to the missing type Coordinate
	Coordinate cannot be resolved to a type
	The method getSetCoordinateVuote() from the type DatiPartita refers to the missing type Coordinate
	Coordinate cannot be resolved to a type
	MossaNonValidaException cannot be resolved to a type
	Coordinate cannot be resolved to a type
	MossaNonValidaException cannot be resolved to a type
	Coordinate cannot be resolved to a type
	Coordinate cannot be resolved to a type
	TesseraNonTrovataException cannot be resolved to a type
	PartitaFinitaException cannot be resolved to a type
	The method pescaTesseraDalMazzo() from the type DatiPartita refers to the missing type PartitaFinitaException
	AdapterTessera cannot be resolved to a type
	Coordinate cannot be resolved to a type
	AdapterTessera cannot be resolved to a type
	Coordinate cannot be resolved to a type
	Coordinate cannot be resolved to a type
	The method getCoordinateTessera(Tessera) from the type DatiPartita refers to the missing type Coordinate
	The method addGiocatore() from the type DatiPartita refers to the missing type FinitiColoriDisponibiliException
	FinitiColoriDisponibiliException cannot be resolved to a type
	The method getGiocatore(Color) from the type DatiPartita refers to the missing type ColoreNonPresenteException
	ColoreNonPresenteException cannot be resolved to a type
	Coordinate cannot be resolved to a type

	at it.polimi.dei.swknights.carcassonne.Server.Model.ModuloModel.<init>(ModuloModel.java:3)
	at it.polimi.dei.swknights.carcassonne.Server.Controller.CartelloStradaleTest.initializeTest(CartelloStradaleTest.java:15)
	at sun.reflect.NativeMethodAccessorImpl.invoke0(Native Method)
	at sun.reflect.NativeMethodAccessorImpl.invoke(NativeMethodAccessorImpl.java:57)
	at sun.reflect.DelegatingMethodAccessorImpl.invoke(DelegatingMethodAccessorImpl.java:43)
	at java.lang.reflect.Method.invoke(Method.java:616)
	at org.junit.runners.model.FrameworkMethod$1.runReflectiveCall(FrameworkMethod.java:44)
	at org.junit.internal.runners.model.ReflectiveCallable.run(ReflectiveCallable.java:15)
	at org.junit.runners.model.FrameworkMethod.invokeExplosively(FrameworkMethod.java:41)
	at org.junit.internal.runners.statements.RunBefores.evaluate(RunBefores.java:27)
	at org.junit.runners.BlockJUnit4ClassRunner.runChild(BlockJUnit4ClassRunner.java:76)
	at org.junit.runners.BlockJUnit4ClassRunner.runChild(BlockJUnit4ClassRunner.java:50)
	at org.junit.runners.ParentRunner$3.run(ParentRunner.java:193)
	at org.junit.runners.ParentRunner$1.schedule(ParentRunner.java:52)
	at org.junit.runners.ParentRunner.runChildren(ParentRunner.java:191)
	at org.junit.runners.ParentRunner.access$000(ParentRunner.java:42)
	at org.junit.runners.ParentRunner$2.evaluate(ParentRunner.java:184)
	at org.junit.runners.ParentRunner.run(ParentRunner.java:236)
	at org.apache.maven.surefire.junit4.JUnit4TestSet.execute(JUnit4TestSet.java:35)
	at org.apache.maven.surefire.junit4.JUnit4Provider.executeTestSet(JUnit4Provider.java:146)
	at org.apache.maven.surefire.junit4.JUnit4Provider.invoke(JUnit4Provider.java:97)
	at sun.reflect.NativeMethodAccessorImpl.invoke0(Native Method)
	at sun.reflect.NativeMethodAccessorImpl.invoke(NativeMethodAccessorImpl.java:57)
	at sun.reflect.DelegatingMethodAccessorImpl.invoke(DelegatingMethodAccessorImpl.java:43)
	at java.lang.reflect.Method.invoke(Method.java:616)
	at org.apache.maven.surefire.booter.ProviderFactory$ClassLoaderProxy.invoke(ProviderFactory.java:103)
	at $Proxy0.invoke(Unknown Source)
	at org.apache.maven.surefire.booter.SurefireStarter.invokeProvider(SurefireStarter.java:145)
	at org.apache.maven.surefire.booter.SurefireStarter.runSuitesInProcess(SurefireStarter.java:87)
	at org.apache.maven.surefire.booter.ForkedBooter.main(ForkedBooter.java:69)

testCostruzioniScorrette(it.polimi.dei.swknights.carcassonne.Server.Controller.CartelloStradaleTest)  Time elapsed: 0 sec  <<< ERROR!
java.lang.Error: Unresolved compilation problems: 
	The import it.polimi.dei.swknights.carcassonne.Events.AdapterTessera cannot be resolved
	The import it.polimi.dei.swknights.carcassonne.Exceptions cannot be resolved
	The import it.polimi.dei.swknights.carcassonne.Exceptions cannot be resolved
	The import it.polimi.dei.swknights.carcassonne.Exceptions cannot be resolved
	The import it.polimi.dei.swknights.carcassonne.Exceptions cannot be resolved
	The import it.polimi.dei.swknights.carcassonne.Exceptions cannot be resolved
	The import it.polimi.dei.swknights.carcassonne.Exceptions cannot be resolved
	The import it.polimi.dei.swknights.carcassonne.Util.Coordinate cannot be resolved
	The import it.polimi.dei.swknights.carcassonne.Util.PuntoCardinale cannot be resolved
	The hierarchy of the type ModuloModel is inconsistent
	PuntoCardinale cannot be resolved to a type
	SegnaliniFinitiException cannot be resolved to a type
	The method getSegnalino() from the type Giocatore refers to the missing type SegnaliniFinitiException
	Coordinate cannot be resolved to a type
	PartitaFinitaException cannot be resolved to a type
	AdapterTessera cannot be resolved to a type
	Coordinate cannot be resolved to a type
	The method getTesseraDaMazzo() from the type ModuloModel refers to the missing type PartitaFinitaException
	The method cominciaTurno() from the type ModuloModel refers to the missing type PartitaFinitaException
	MossaNonValidaException cannot be resolved to a type
	PartitaFinitaException cannot be resolved to a type
	Coordinate cannot be resolved to a type
	The method getCoordinateTessera(Tessera) from the type DatiPartita refers to the missing type Coordinate
	Coordinate cannot be resolved to a type
	The method getSetCoordinateVuote() from the type DatiPartita refers to the missing type Coordinate
	Coordinate cannot be resolved to a type
	MossaNonValidaException cannot be resolved to a type
	Coordinate cannot be resolved to a type
	MossaNonValidaException cannot be resolved to a type
	Coordinate cannot be resolved to a type
	Coordinate cannot be resolved to a type
	TesseraNonTrovataException cannot be resolved to a type
	PartitaFinitaException cannot be resolved to a type
	The method pescaTesseraDalMazzo() from the type DatiPartita refers to the missing type PartitaFinitaException
	AdapterTessera cannot be resolved to a type
	Coordinate cannot be resolved to a type
	AdapterTessera cannot be resolved to a type
	Coordinate cannot be resolved to a type
	Coordinate cannot be resolved to a type
	The method getCoordinateTessera(Tessera) from the type DatiPartita refers to the missing type Coordinate
	The method addGiocatore() from the type DatiPartita refers to the missing type FinitiColoriDisponibiliException
	FinitiColoriDisponibiliException cannot be resolved to a type
	The method getGiocatore(Color) from the type DatiPartita refers to the missing type ColoreNonPresenteException
	ColoreNonPresenteException cannot be resolved to a type
	Coordinate cannot be resolved to a type

	at it.polimi.dei.swknights.carcassonne.Server.Model.ModuloModel.<init>(ModuloModel.java:3)
	at it.polimi.dei.swknights.carcassonne.Server.Controller.CartelloStradaleTest.initializeTest(CartelloStradaleTest.java:15)
	at sun.reflect.NativeMethodAccessorImpl.invoke0(Native Method)
	at sun.reflect.NativeMethodAccessorImpl.invoke(NativeMethodAccessorImpl.java:57)
	at sun.reflect.DelegatingMethodAccessorImpl.invoke(DelegatingMethodAccessorImpl.java:43)
	at java.lang.reflect.Method.invoke(Method.java:616)
	at org.junit.runners.model.FrameworkMethod$1.runReflectiveCall(FrameworkMethod.java:44)
	at org.junit.internal.runners.model.ReflectiveCallable.run(ReflectiveCallable.java:15)
	at org.junit.runners.model.FrameworkMethod.invokeExplosively(FrameworkMethod.java:41)
	at org.junit.internal.runners.statements.RunBefores.evaluate(RunBefores.java:27)
	at org.junit.runners.BlockJUnit4ClassRunner.runChild(BlockJUnit4ClassRunner.java:76)
	at org.junit.runners.BlockJUnit4ClassRunner.runChild(BlockJUnit4ClassRunner.java:50)
	at org.junit.runners.ParentRunner$3.run(ParentRunner.java:193)
	at org.junit.runners.ParentRunner$1.schedule(ParentRunner.java:52)
	at org.junit.runners.ParentRunner.runChildren(ParentRunner.java:191)
	at org.junit.runners.ParentRunner.access$000(ParentRunner.java:42)
	at org.junit.runners.ParentRunner$2.evaluate(ParentRunner.java:184)
	at org.junit.runners.ParentRunner.run(ParentRunner.java:236)
	at org.apache.maven.surefire.junit4.JUnit4TestSet.execute(JUnit4TestSet.java:35)
	at org.apache.maven.surefire.junit4.JUnit4Provider.executeTestSet(JUnit4Provider.java:146)
	at org.apache.maven.surefire.junit4.JUnit4Provider.invoke(JUnit4Provider.java:97)
	at sun.reflect.NativeMethodAccessorImpl.invoke0(Native Method)
	at sun.reflect.NativeMethodAccessorImpl.invoke(NativeMethodAccessorImpl.java:57)
	at sun.reflect.DelegatingMethodAccessorImpl.invoke(DelegatingMethodAccessorImpl.java:43)
	at java.lang.reflect.Method.invoke(Method.java:616)
	at org.apache.maven.surefire.booter.ProviderFactory$ClassLoaderProxy.invoke(ProviderFactory.java:103)
	at $Proxy0.invoke(Unknown Source)
	at org.apache.maven.surefire.booter.SurefireStarter.invokeProvider(SurefireStarter.java:145)
	at org.apache.maven.surefire.booter.SurefireStarter.runSuitesInProcess(SurefireStarter.java:87)
	at org.apache.maven.surefire.booter.ForkedBooter.main(ForkedBooter.java:69)

