<?xml version="1.0" encoding="UTF-8" ?>
<testsuite failures="1" time="0.207" errors="0" skipped="0" tests="6" name="it.polimi.dei.swknights.carcassonne.Server.Controller.ContatoreCartografoTest">
  <properties>
[...]
</properties>
  <testcase time="0.019" classname="it.polimi.dei.swknights.carcassonne.Server.Controller.ContatoreCartografoTest" name="testCostruzioniCorrette"/>
  <testcase time="0.018" classname="it.polimi.dei.swknights.carcassonne.Server.Controller.ContatoreCartografoTest" name="testCostruzioniScorrette"/>
  <testcase time="0.031" classname="it.polimi.dei.swknights.carcassonne.Server.Controller.ContatoreCartografoTest" name="stradaPiccola"/>
  <testcase time="0.045" classname="it.polimi.dei.swknights.carcassonne.Server.Controller.ContatoreCartografoTest" name="cittaFiordoropoli"/>
  <testcase time="0.058" classname="it.polimi.dei.swknights.carcassonne.Server.Controller.ContatoreCartografoTest" name="cittaMaledettaMergeBassoAlto">
    <failure message=" dovrebbe essercene una! invece sono: 2" type="java.lang.AssertionError">java.lang.AssertionError:  dovrebbe essercene una! invece sono: 2
	at org.junit.Assert.fail(Assert.java:91)
	at org.junit.Assert.assertTrue(Assert.java:43)
	at it.polimi.dei.swknights.carcassonne.Server.Controller.ContatoreCartografoTest.cittaMaledettaMergeBassoAlto(ContatoreCartografoTest.java:119)
	at sun.reflect.NativeMethodAccessorImpl.invoke0(Native Method)
	at sun.reflect.NativeMethodAccessorImpl.invoke(NativeMethodAccessorImpl.java:57)
	at sun.reflect.DelegatingMethodAccessorImpl.invoke(DelegatingMethodAccessorImpl.java:43)
	at java.lang.reflect.Method.invoke(Method.java:616)
	at org.junit.runners.model.FrameworkMethod$1.runReflectiveCall(FrameworkMethod.java:44)
	at org.junit.internal.runners.model.ReflectiveCallable.run(ReflectiveCallable.java:15)
	at org.junit.runners.model.FrameworkMethod.invokeExplosively(FrameworkMethod.java:41)
	at org.junit.internal.runners.statements.InvokeMethod.evaluate(InvokeMethod.java:20)
	at org.junit.internal.runners.statements.RunBefores.evaluate(RunBefores.java:28)
	at org.junit.runners.BlockJUnit4ClassRunner.runChild(BlockJUnit4ClassRunner.java:76)
	at org.junit.runners.BlockJUnit4ClassRunner.runChild(BlockJUnit4ClassRunner.java:50)
	at org.junit.runners.ParentRunner$3.run(ParentRunner.java:193)
	at org.junit.runners.ParentRunner$1.schedule(ParentRunner.java:52)
	at org.junit.runners.ParentRunner.runChildren(ParentRunner.java:191)
	at org.junit.runners.ParentRunner.access$000(ParentRunner.java:42)
	at org.junit.runners.ParentRunner$2.evaluate(ParentRunner.java:184)
	at org.junit.runners.ParentRunner.run(ParentRunner.java:236)
	at org.apache.maven.surefire.junit4.JUnit4TestSet.execute(JUnit4TestSet.java:35)
	at org.apache.maven.surefire.junit4.JUnit4Provider.executeTestSet(JUnit4Provider.java:146)
	at org.apache.maven.surefire.junit4.JUnit4Provider.invoke(JUnit4Provider.java:97)
	at sun.reflect.NativeMethodAccessorImpl.invoke0(Native Method)
	at sun.reflect.NativeMethodAccessorImpl.invoke(NativeMethodAccessorImpl.java:57)
	at sun.reflect.DelegatingMethodAccessorImpl.invoke(DelegatingMethodAccessorImpl.java:43)
	at java.lang.reflect.Method.invoke(Method.java:616)
	at org.apache.maven.surefire.booter.ProviderFactory$ClassLoaderProxy.invoke(ProviderFactory.java:103)
	at $Proxy0.invoke(Unknown Source)
	at org.apache.maven.surefire.booter.SurefireStarter.invokeProvider(SurefireStarter.java:145)
	at org.apache.maven.surefire.booter.SurefireStarter.runSuitesInProcess(SurefireStarter.java:87)
	at org.apache.maven.surefire.booter.ForkedBooter.main(ForkedBooter.java:69)
</failure>
    <system-out>========== Alzate i piedi devo passare e pulire!!! =============
N=N S=N W=S E=S NS=0 NE=0 NW=0 WE=1 SE=0 SW=0
N=N S=N W=S E=S NS=0 NE=0 NW=0 WE=1 SE=0 SW=0
N=N S=N W=S E=S NS=0 NE=0 NW=0 WE=1 SE=0 SW=0
N=N S=N W=S E=S NS=0 NE=0 NW=0 WE=1 SE=0 SW=0
N=N S=N W=S E=S NS=0 NE=0 NW=0 WE=1 SE=0 SW=0
N=C S=N W=S E=S NS=0 NE=0 NW=0 WE=1 SE=0 SW=0
N=C S=C W=N E=C NS=1 NE=1 NW=0 WE=0 SE=1 SW=0
N=C S=N W=C E=N NS=0 NE=0 NW=1 WE=0 SE=0 SW=0
N=N S=N W=N E=C NS=0 NE=0 NW=0 WE=0 SE=0 SW=0
N=N S=N W=N E=C NS=0 NE=0 NW=0 WE=0 SE=0 SW=0
N=N S=N W=N E=C NS=0 NE=0 NW=0 WE=0 SE=0 SW=0
N=N S=N W=N E=C NS=0 NE=0 NW=0 WE=0 SE=0 SW=0
N=N S=C W=N E=N NS=0 NE=0 NW=0 WE=0 SE=0 SW=0
N=C S=N W=N E=N NS=0 NE=0 NW=0 WE=0 SE=0 SW=0
N=C S=N W=N E=N NS=0 NE=0 NW=0 WE=0 SE=0 SW=0
N=N S=C W=N E=C NS=0 NE=0 NW=0 WE=0 SE=0 SW=1
N=N S=C W=C E=C NS=0 NE=0 NW=0 WE=1 SE=1 SW=1
N=C S=N W=C E=N NS=0 NE=0 NW=1 WE=0 SE=0 SW=0
N=C S=N W=N E=C NS=0 NE=0 NW=0 WE=0 SE=0 SW=0
N=C S=C W=C E=N NS=1 NE=0 NW=1 WE=0 SE=0 SW=1
 metto la tessera alla coordinata:  (1,-3) la tessera e&apos;: N=C S=C W=C E=N NS=1 NE=0 NW=1 WE=0 SE=0 SW=1
N=N S=C W=N E=N NS=0 NE=0 NW=0 WE=0 SE=0 SW=0
 metto la tessera alla coordinata:  (2,-3) la tessera e&apos;: N=N S=C W=N E=N NS=0 NE=0 NW=0 WE=0 SE=0 SW=0
N=N S=N W=C E=N NS=0 NE=0 NW=0 WE=0 SE=0 SW=0
N=N S=N W=S E=S NS=0 NE=0 NW=0 WE=1 SE=0 SW=0
 il numero di costruzioni completate è: 2
</system-out>
  </testcase>
  <testcase time="0.027" classname="it.polimi.dei.swknights.carcassonne.Server.Controller.ContatoreCartografoTest" name="cittaMaledettaBassoAltoSerpe"/>
</testsuite>